Oct 08, 2022 14:55:24.806 [0x7fa4c2facb38] INFO - Plex Tuner Service v1.0.0.0 - Docker Docker Container (LinuxServer.io) x86_64 - build: 
Oct 08, 2022 14:55:24.806 [0x7fa4c2facb38] INFO - Linux version: 5.15.0-50-generic (#56-Ubuntu SMP Tue Sep 20 13:23:26 UTC 2022), language: en-US
Oct 08, 2022 14:55:24.806 [0x7fa4c2facb38] INFO - Processor Intel(R) Core(TM) i7-9750H CPU @ 2.60GHz
Oct 08, 2022 14:55:24.806 [0x7fa4c2facb38] INFO - /usr/lib/plexmediaserver/Plex Tuner Service /usr/lib/plexmediaserver/Resources/Tuner/Private /usr/lib/plexmediaserver/Resources/Tuner/Shared 1.29.0.6244-819d3678c 32600
Oct 08, 2022 14:55:24.805 [0x7fa4c48ad808] INFO - [I] broker_t::start...
Oct 08, 2022 14:55:24.808 [0x7fa4c48ad808] INFO - [I] device_manager_t::init.
Oct 08, 2022 14:55:24.808 [0x7fa4c48ad808] INFO - [I] device_manager_t::init. Initialize provider manager
Oct 08, 2022 14:55:24.808 [0x7fa4c48ad808] INFO - [I] device_manager_t::init. Initialize all device auxes
Oct 08, 2022 14:55:24.808 [0x7fa4c48ad808] INFO - [I] dvb_device_factory_t::get_aux_list
Oct 08, 2022 14:55:24.808 [0x7fa4c48ad808] INFO - [I] tvbutler_aux_t::init
Oct 08, 2022 14:55:24.809 [0x7fa4c48ad808] INFO - [I] web_server_t::start. Starting web server on port 32600
Oct 08, 2022 14:55:32.314 [0x7fa4c2d4bb38] INFO - [I] web_service_t::process_device_discovery
Oct 08, 2022 14:55:32.314 [0x7fa4c2d4bb38] INFO - [I] device_reactor_t::get_device_list ()
Oct 08, 2022 14:55:34.317 [0x7fa4c2d4bb38] INFO - [I] SAT2IP - discover_satip_servers(): no servers found
Oct 08, 2022 14:55:34.737 [0x7fa4c2d4bb38] INFO - [I] v4l::DeviceGetList_impl. getting v4l device list
Oct 08, 2022 14:55:34.738 [0x7fa4c2d4bb38] INFO - [I] onetv_factory::DeviceGetListEx >>
Oct 08, 2022 14:55:34.738 [0x7fa4c2d4bb38] WARN - [W] onetv_factory::DeviceGetListEx. libusb_init returned an error -99
Oct 08, 2022 14:56:07.438 [0x7fa4c48ad808] INFO - Received SIGINT: Interrupt from keyboard.
Oct 08, 2022 14:56:07.485 [0x7fa4c48ad808] INFO - [I] device_manager_t::term
Oct 08, 2022 14:56:07.485 [0x7fa4c48ad808] INFO - [I] device_manager_t::term. Stop all devices
Oct 08, 2022 14:56:07.486 [0x7fa4c48ad808] INFO - [I] device_manager_t::term. Shut down all device auxes
Oct 08, 2022 14:56:07.486 [0x7fa4c48ad808] INFO - [I] tvbutler_aux_t::term
Oct 08, 2022 14:56:07.486 [0x7fa4c48ad808] INFO - [I] web_server_t::stop. Web server is stopped
Oct 08, 2022 14:56:07.486 [0x7fa4c48ad808] INFO - [I] device_manager_t::term
Oct 08, 2022 14:56:07.486 [0x7fa4c48ad808] INFO - [I] device_manager_t::term. Stop all devices
Oct 08, 2022 14:56:07.486 [0x7fa4c48ad808] INFO - [I] device_manager_t::term. Shut down all device auxes
Oct 08, 2022 14:56:07.486 [0x7fa4c48ad808] INFO - [I] broker_t::shutdown. Shutdown is completed.
