2022-10-08 14:57:02,159 (7fbcc7aad808) :  INFO (core:349) - Starting framework core - Version: 2.6.3, Build: 819d367 (Fri Sep 23 01:15:17 UTC 2022)
2022-10-08 14:57:02,159 (7fbcc7aad808) :  DEBUG (core:361) - Using the elevated policy
2022-10-08 14:57:02,159 (7fbcc7aad808) :  DEBUG (core:365) - Extending whitelist: ['cgi', 'tempfile']
2022-10-08 14:57:02,160 (7fbcc7aad808) :  DEBUG (core:450) - Starting runtime component.
2022-10-08 14:57:02,161 (7fbcc7aad808) :  DEBUG (core:450) - Starting caching component.
2022-10-08 14:57:02,161 (7fbcc7aad808) :  DEBUG (core:450) - Starting data component.
2022-10-08 14:57:02,161 (7fbcc7aad808) :  DEBUG (core:450) - Starting networking component.
2022-10-08 14:57:02,162 (7fbcc7aad808) :  DEBUG (networking:261) - Loaded HTTP cookies
2022-10-08 14:57:02,162 (7fbcc7aad808) :  DEBUG (networking:428) - Setting the default network timeout to 20.0
2022-10-08 14:57:02,162 (7fbcc7aad808) :  DEBUG (core:450) - Starting localization component.
2022-10-08 14:57:02,162 (7fbcc7aad808) :  INFO (localization:409) - Setting the default locale to en-us
2022-10-08 14:57:02,163 (7fbcc7aad808) :  WARNING (data:179) - Error decoding with simplejson, using demjson instead (this will cause a performance hit) - Expecting property name enclosed in double quotes: line 26 column 1 (char 1078)
2022-10-08 14:57:02,164 (7fbcc7aad808) :  DEBUG (localization:427) - Loaded en strings
2022-10-08 14:57:02,164 (7fbcc7aad808) :  DEBUG (core:450) - Starting messaging component.
2022-10-08 14:57:02,164 (7fbcc7aad808) :  DEBUG (core:450) - Starting debugging component.
2022-10-08 14:57:02,164 (7fbcc7aad808) :  DEBUG (core:450) - Starting services component.
2022-10-08 14:57:02,165 (7fbcc7aad808) :  DEBUG (core:450) - Starting myplex component.
2022-10-08 14:57:02,165 (7fbcc7aad808) :  DEBUG (core:450) - Starting notifications component.
2022-10-08 14:57:02,264 (7fbcc7aad808) :  DEBUG (accessor:68) - Creating a new model access point for provider com.plexapp.system in namespace 'metadata'
2022-10-08 14:57:02,273 (7fbcc7aad808) :  DEBUG (runtime:1117) - Created a thread named 'load_all_services'
2022-10-08 14:57:02,273 (7fbcc4757b38) :  DEBUG (services:265) - Plug-in is not daemonized - loading services from system
2022-10-08 14:57:02,274 (7fbcc4757b38) :  DEBUG (networking:143) - Requesting 'http://127.0.0.1:32400/:/plugins/com.plexapp.system/messaging/function/X0J1bmRsZVNlcnZpY2U6QWxsU2VydmljZXM_/Y2VyZWFsMQoxCmxpc3QKMApyMAo_/Y2VyZWFsMQoxCmRpY3QKMApyMAo_'
2022-10-08 14:57:02,275 (7fbcc7aad808) :  DEBUG (runtime:1117) - Created a thread named 'get_server_info'
2022-10-08 14:57:02,275 (7fbcc7aad808) :  DEBUG (core:150) - Finished starting framework core
2022-10-08 14:57:02,275 (7fbcc46d1b38) :  DEBUG (networking:143) - Requesting 'http://127.0.0.1:32400'
2022-10-08 14:57:02,275 (7fbcc7aad808) :  DEBUG (core:560) - Loading plug-in code
2022-10-08 14:57:02,283 (7fbcc46d1b38) :  ERROR (networking:196) - Error opening URL 'http://127.0.0.1:32400'
2022-10-08 14:57:02,296 (7fbcc7aad808) :  DEBUG (core:566) - Finished loading plug-in code
2022-10-08 14:57:02,296 (7fbcc4757b38) :  ERROR (networking:196) - Error opening URL 'http://127.0.0.1:32400/:/plugins/com.plexapp.system/messaging/function/X0J1bmRsZVNlcnZpY2U6QWxsU2VydmljZXM_/Y2VyZWFsMQoxCmxpc3QKMApyMAo_/Y2VyZWFsMQoxCmRpY3QKMApyMAo_'
2022-10-08 14:57:02,296 (7fbcc46d1b38) :  WARNING (core:541) - Unable to retrieve the machine identifier or server version.
2022-10-08 14:57:02,297 (7fbcc7aad808) :  DEBUG (runtime:640) - Adding a prefix handler for 'System' ('/system')
2022-10-08 14:57:02,297 (7fbcc4757b38) :  ERROR (services:272) - Unable to load services from system. Loading from the current bundle only.
2022-10-08 14:57:02,298 (7fbcc4757b38) :  DEBUG (services:362) - Loaded services
2022-10-08 14:57:02,305 (7fbcc46f4b38) :  DEBUG (services:438) - No shared code to load
2022-10-08 14:57:02,824 (7fbcc7aad808) :  INFO (__init__:35) - Starting System 819d367 (Fri Sep 23 01:15:17 UTC 2022)
2022-10-08 14:57:02,825 (7fbcc7aad808) :  DEBUG (runtime:640) - Adding a prefix handler for 'Player' ('/player')
2022-10-08 14:57:02,829 (7fbcc7aad808) :  INFO (datakit:93) - Loaded the dictionary file
2022-10-08 14:57:02,829 (7fbcc7aad808) :  DEBUG (agentservice:52) - Starting the agent service
2022-10-08 14:57:02,918 (7fbcc7aad808) :  DEBUG (accessor:68) - Creating a new model access point for provider com.plexapp.system in namespace 'metadata'
2022-10-08 14:57:02,923 (7fbcc7aad808) :  DEBUG (bundleservice:65) - Starting the bundle service
2022-10-08 14:57:02,924 (7fbcc7aad808) :  DEBUG (runtime:1117) - Created a thread named 'start'
2022-10-08 14:57:02,924 (7fbcc7aad808) :  DEBUG (playerservice:12) - Starting the player service
2022-10-08 14:57:02,924 (7fbcc7aad808) :  DEBUG (flagservice:13) - Starting the media flag service
2022-10-08 14:57:02,924 (7fbcc7aad808) :  DEBUG (runtime:1117) - Created a thread named 'start'
2022-10-08 14:57:02,925 (7fbcc7aad808) :  DEBUG (peerservice:141) - Starting the peer service
2022-10-08 14:57:02,926 (7fbcc44cfb38) :  DEBUG (peerservice:164) - Fetching the current list of servers
2022-10-08 14:57:02,926 (7fbcc7aad808) :  DEBUG (runtime:1117) - Created a thread named 'refresh_servers'
2022-10-08 14:57:02,926 (7fbcc44cfb38) :  DEBUG (networking:143) - Requesting 'http://127.0.0.1:32400/servers'
2022-10-08 14:57:02,927 (7fbcc4515b38) :  DEBUG (runtime:1117) - Created a thread named 'ensure_agent_info_exists_inner'
2022-10-08 14:57:02,927 (7fbcc7aad808) :  DEBUG (runtime:1150) - Scheduled a timed thread named 'refresh_servers'
2022-10-08 14:57:02,927 (7fbcc7aad808) :  DEBUG (streamservice:18) - Starting the stream service
2022-10-08 14:57:02,928 (7fbcc7aad808) :  CRITICAL (runtime:709) - Private handlers are no longer supported; couldn't register <bound method StreamService.token_handler of <streamservice.StreamService object at 0x7fbcc440fe90>>
2022-10-08 14:57:02,928 (7fbcc44cfb38) :  ERROR (networking:196) - Error opening URL 'http://127.0.0.1:32400/servers'
2022-10-08 14:57:02,928 (7fbcc7aad808) :  DEBUG (runtime:1150) - Scheduled a timed thread named 'invalidation_timer'
2022-10-08 14:57:02,929 (7fbcc7aad808) :  DEBUG (proxyservice:12) - Starting the proxy service
2022-10-08 14:57:02,929 (7fbcc4515b38) :  DEBUG (runtime:1117) - Created a thread named 'ensure_agent_info_exists_inner'
2022-10-08 14:57:02,931 (7fbcc7aad808) :  DEBUG (runtime:1117) - Created a thread named 'update_attribution_flags_inner'
2022-10-08 14:57:02,931 (7fbcc7aad808) :  INFO (core:611) - Started plug-in
2022-10-08 14:57:02,931 (7fbcc7aad808) :  DEBUG (socketinterface:160) - Starting socket server
2022-10-08 14:57:02,932 (7fbcc4515b38) :  DEBUG (runtime:1117) - Created a thread named 'ensure_agent_info_exists_inner'
2022-10-08 14:57:02,933 (7fbcc7aad808) :  DEBUG (runtime:1117) - Created a thread named 'start'
2022-10-08 14:57:02,933 (7fbcc7aad808) :  INFO (socketinterface:184) - Socket server started on port 35189
2022-10-08 14:57:02,934 (7fbcc44cfb38) :  CRITICAL (runtime:1128) - Exception in thread named 'refresh_servers' (most recent call last):
  File "/usr/lib/plexmediaserver/Resources/Plug-ins-819d3678c/Framework.bundle/Contents/Resources/Versions/2/Python/Framework/components/runtime.py", line 1126, in _start_thread
    f(*args, **kwargs)
  File "/usr/lib/plexmediaserver/Resources/Plug-ins-819d3678c/System.bundle/Contents/Code/peerservice.py", line 169, in refresh_servers
    servers_el = self.get_servers_el()
  File "/usr/lib/plexmediaserver/Resources/Plug-ins-819d3678c/System.bundle/Contents/Code/peerservice.py", line 165, in get_servers_el
    return XML.ElementFromURL('http://127.0.0.1:32400/servers', cacheTime = 0)
  File "/usr/lib/plexmediaserver/Resources/Plug-ins-819d3678c/Framework.bundle/Contents/Resources/Versions/2/Python/Framework/api/parsekit.py", line 344, in ElementFromURL
    method=method,
  File "/usr/lib/plexmediaserver/Resources/Plug-ins-819d3678c/Framework.bundle/Contents/Resources/Versions/2/Python/Framework/api/networkkit.py", line 67, in _http_request
    req = self._core.networking.http_request(url, *args, **kwargs)
  File "/usr/lib/plexmediaserver/Resources/Plug-ins-819d3678c/Framework.bundle/Contents/Resources/Versions/2/Python/Framework/components/networking.py", line 346, in http_request
    return HTTPRequest(self._core, url, data, h, url_cache, encoding, errors, timeout, immediate, sleep, opener, follow_redirects, method)
  File "/usr/lib/plexmediaserver/Resources/Plug-ins-819d3678c/Framework.bundle/Contents/Resources/Versions/2/Python/Framework/components/networking.py", line 118, in __init__
    self.load()
  File "/usr/lib/plexmediaserver/Resources/Plug-ins-819d3678c/Framework.bundle/Contents/Resources/Versions/2/Python/Framework/components/networking.py", line 158, in load
    f = self._opener.open(req, timeout=self._timeout)
  File "/usr/lib/plexmediaserver/Resources/Python/python27.zip/urllib2.py", line 435, in open
    response = meth(req, response)
  File "/usr/lib/plexmediaserver/Resources/Python/python27.zip/urllib2.py", line 548, in http_response
    'http', request, response, code, msg, hdrs)
  File "/usr/lib/plexmediaserver/Resources/Python/python27.zip/urllib2.py", line 473, in error
    return self._call_chain(*args)
  File "/usr/lib/plexmediaserver/Resources/Python/python27.zip/urllib2.py", line 407, in _call_chain
    result = func(*args)
  File "/usr/lib/plexmediaserver/Resources/Python/python27.zip/urllib2.py", line 556, in http_error_default
    raise HTTPError(req.get_full_url(), code, msg, hdrs, fp)
HTTPError: HTTP Error 503: Service Unavailable

2022-10-08 14:57:02,934 (7fbcc7aad808) :  INFO (pipeinterface:25) - Entering run loop
2022-10-08 14:57:02,935 (7fbcc4515b38) :  DEBUG (runtime:1117) - Created a thread named 'ensure_agent_info_exists_inner'
2022-10-08 14:57:02,935 (7fbcc7aad808) :  DEBUG (runtime:717) - Handling request GET /:/prefixes
2022-10-08 14:57:02,937 (7fbcc7aad808) :  DEBUG (runtime:814) - Found route matching /:/prefixes
2022-10-08 14:57:02,938 (7fbcc4515b38) :  DEBUG (runtime:1117) - Created a thread named 'ensure_agent_info_exists_inner'
2022-10-08 14:57:02,938 (7fbcc7aad808) :  DEBUG (runtime:924) - Response: [200] MediaContainer, 486 bytes
2022-10-08 14:57:02,939 (7fbcc4515b38) :  DEBUG (runtime:1117) - Created a thread named 'ensure_agent_info_exists_inner'
2022-10-08 14:57:02,940 (7fbcc44cfb38) :  DEBUG (runtime:717) - Handling request GET /system/agents
2022-10-08 14:57:02,957 (7fbcc44cfb38) :  DEBUG (runtime:814) - Found route matching /system/agents
2022-10-08 14:57:02,957 (7fbcc4515b38) :  DEBUG (runtime:1117) - Created a thread named 'ensure_agent_info_exists_inner'
2022-10-08 14:57:02,958 (7fbcc4515b38) :  DEBUG (runtime:1117) - Created a thread named 'ensure_agent_info_exists_inner'
2022-10-08 14:57:02,959 (7fbcc4515b38) :  DEBUG (runtime:1117) - Created a thread named 'ensure_agent_info_exists_inner'
2022-10-08 14:57:02,960 (7fbcc4515b38) :  INFO (bundleservice:131) - Found duplicate identifier at /usr/lib/plexmediaserver/Resources/Plug-ins-819d3678c/WebClient.bundle for bundled plugin (com.plexapp.plugins.webclient), ignoring duplicate plugin.
2022-10-08 14:57:02,961 (7fbcc4515b38) :  DEBUG (runtime:1117) - Created a thread named 'ensure_agent_info_exists_inner'
2022-10-08 14:57:02,962 (7fbcc4515b38) :  DEBUG (runtime:1117) - Created a thread named 'ensure_agent_info_exists_inner'
2022-10-08 14:57:02,963 (7fbcc4515b38) :  DEBUG (runtime:1117) - Created a thread named 'ensure_agent_info_exists_inner'
2022-10-08 14:57:02,963 (7fbcc4515b38) :  INFO (bundleservice:131) - Found duplicate identifier at /usr/lib/plexmediaserver/Resources/Plug-ins-819d3678c/TheTVDBv4.bundle for bundled plugin (com.plexapp.agents.thetvdb), ignoring duplicate plugin.
2022-10-08 14:57:02,964 (7fbcc4515b38) :  DEBUG (runtime:1117) - Created a thread named 'ensure_agent_info_exists_inner'
2022-10-08 14:57:02,965 (7fbcc4515b38) :  DEBUG (runtime:1117) - Created a thread named 'ensure_agent_info_exists_inner'
2022-10-08 14:57:02,966 (7fbcc4515b38) :  DEBUG (runtime:1117) - Created a thread named 'ensure_agent_info_exists_inner'
2022-10-08 14:57:02,967 (7fbcc4515b38) :  DEBUG (runtime:1117) - Created a thread named 'ensure_agent_info_exists_inner'
2022-10-08 14:57:02,968 (7fbcc4515b38) :  DEBUG (runtime:1117) - Created a thread named 'ensure_agent_info_exists_inner'
2022-10-08 14:57:02,968 (7fbcc4515b38) :  DEBUG (runtime:1117) - Created a thread named 'remove_unavailable_agents'
2022-10-08 14:57:02,968 (7fbcc4515b38) :  DEBUG (bundleservice:81) - Started the bundle service
2022-10-08 14:57:02,970 (7fbcc44f2b38) :  DEBUG (flagservice:46) - Started the media flag service
2022-10-08 14:57:02,974 (7fbcc44cfb38) :  DEBUG (runtime:1117) - Created a thread named 'ensure_agent_info_exists_inner'
2022-10-08 14:57:02,989 (7fbcc44cfb38) :  DEBUG (runtime:924) - Response: [200] MediaContainer, 11288 bytes
2022-10-08 14:57:02,991 (7fbcc3ee1b38) :  INFO (agentservice:129) - Agent info: {'com.plexapp.agents.fanarttv': [{'media_types': ['Movie'], 'primary_provider': False, 'fallback_agent': None, 'contributes_to': ['com.plexapp.agents.imdb', 'com.plexapp.agents.themoviedb'], 'has_attribution': True, 'languages': ['xn'], 'persist_stored_files': True, 'version': 0, 'accepts_from': None, 'prefs': True, 'name': 'Fanart.tv'}, {'media_types': ['TV_Show'], 'primary_provider': False, 'fallback_agent': None, 'contributes_to': ['com.plexapp.agents.thetvdb', 'com.plexapp.agents.themoviedb'], 'has_attribution': True, 'languages': ['xn'], 'persist_stored_files': True, 'version': 0, 'accepts_from': None, 'prefs': True, 'name': 'Fanart.tv'}, {'media_types': ['Artist'], 'primary_provider': False, 'fallback_agent': None, 'contributes_to': ['com.plexapp.agents.lastfm'], 'has_attribution': True, 'languages': ['xn'], 'persist_stored_files': True, 'version': 0, 'accepts_from': None, 'prefs': True, 'name': 'Fanart.tv'}, {'media_types': ['Album'], 'primary_provider': False, 'fallback_agent': None, 'contributes_to': ['com.plexapp.agents.lastfm'], 'has_attribution': True, 'languages': ['xn'], 'persist_stored_files': True, 'version': 0, 'accepts_from': None, 'prefs': True, 'name': 'Fanart.tv'}], 'com.plexapp.agents.none': [{'media_types': ['Movie'], 'primary_provider': True, 'fallback_agent': None, 'contributes_to': None, 'has_attribution': False, 'languages': ['xn'], 'persist_stored_files': True, 'version': 0, 'accepts_from': None, 'prefs': False, 'name': 'Personal Media'}, {'media_types': ['TV_Show'], 'primary_provider': True, 'fallback_agent': None, 'contributes_to': None, 'has_attribution': False, 'languages': ['xn'], 'persist_stored_files': True, 'version': 0, 'accepts_from': None, 'prefs': False, 'name': 'Personal Media Shows'}, {'media_types': ['Artist'], 'primary_provider': True, 'fallback_agent': None, 'contributes_to': None, 'has_attribution': False, 'languages': ['xn'], 'persist_stored_files': True, 'version': 0, 'accepts_from': None, 'prefs': False, 'name': 'Personal Media Artists'}, {'media_types': ['Album'], 'primary_provider': True, 'fallback_agent': None, 'contributes_to': None, 'has_attribution': False, 'languages': ['xn'], 'persist_stored_files': True, 'version': 0, 'accepts_from': None, 'prefs': False, 'name': 'Personal Media Albums'}, {'media_types': ['Photo'], 'primary_provider': True, 'fallback_agent': None, 'contributes_to': None, 'has_attribution': False, 'languages': ['en', 'ar', 'bg', 'ca', 'cs', 'cy', 'da', 'de', 'el', 'es', 'et', 'fa', 'fi', 'fr', 'he', 'hi', 'hr', 'ht', 'hu', 'id', 'it', 'ja', 'ko', 'lt', 'lv', 'ms', 'mt', 'nl', 'no', 'pl', 'pt', 'ro', 'ru', 'sk', 'sv', 'sl', 'sr', 'th', 'tr', 'uk', 'ur', 'vi', 'zh', 'xn'], 'persist_stored_files': True, 'version': 0, 'accepts_from': None, 'prefs': False, 'name': 'Photos'}], 'tv.plex.agents.music': [{'media_types': ['Artist'], 'primary_provider': True, 'fallback_agent': None, 'contributes_to': None, 'has_attribution': True, 'languages': ['en', 'ar', 'bg', 'zh', 'hr', 'cs', 'da', 'nl', 'fi', 'fr', 'de', 'el', 'hu', 'id', 'it', 'ja', 'ko', 'nn', 'pl', 'pt', 'ro', 'ru', 'sr', 'sk', 'es', 'sv', 'th', 'tr', 'vi', 'xx'], 'persist_stored_files': True, 'version': 0, 'accepts_from': None, 'prefs': True, 'name': 'Plex Music'}, {'media_types': ['Album'], 'primary_provider': True, 'fallback_agent': None, 'contributes_to': None, 'has_attribution': True, 'languages': ['en', 'ar', 'bg', 'zh', 'hr', 'cs', 'da', 'nl', 'fi', 'fr', 'de', 'el', 'hu', 'id', 'it', 'ja', 'ko', 'nn', 'pl', 'pt', 'ro', 'ru', 'sr', 'sk', 'es', 'sv', 'th', 'tr', 'vi', 'xx'], 'persist_stored_files': True, 'version': 0, 'accepts_from': None, 'prefs': True, 'name': 'Plex Music'}], 'com.plexapp.agents.opensubtitles': [{'media_types': ['Movie'], 'primary_provider': False, 'fallback_agent': None, 'contributes_to': ['com.plexapp.agents.imdb'], 'has_attribution': False, 'languages': ['xn'], 'persist_stored_files': True, 'version': 0, 'accepts_from': None, 'prefs': True, 'name': 'OpenSubtitles.org'}, {'media_types': ['TV_Show'], 'primary_provider': False, 'fallback_agent': None, 'contributes_to': ['com.plexapp.agents.thetvdb'], 'has_attribution': False, 'languages': ['xn'], 'persist_stored_files': True, 'version': 0, 'accepts_from': None, 'prefs': True, 'name': 'OpenSubtitles.org'}], 'com.plexapp.agents.imdb': [{'media_types': ['Movie'], 'accepts_from': ['com.plexapp.agents.localmedia'], 'fallback_agent': None, 'contributes_to': ['com.plexapp.agents.themoviedb'], 'has_attribution': True, 'languages': ['en', 'sv', 'fr', 'es', 'nl', 'de', 'it', 'da', 'ar', 'ca', 'zh', 'cs', 'et', 'fi', 'el', 'he', 'hi', 'hu', 'id', 'ja', 'ko', 'lv', 'no', 'fa', 'pl', 'pt', 'ro', 'ru', 'sk', 'th', 'tr', 'uk', 'vi'], 'persist_stored_files': True, 'version': 0, 'primary_provider': True, 'prefs': True, 'name': 'Plex Movie'}], 'com.plexapp.agents.lyricfind': [{'media_types': ['Album'], 'primary_provider': False, 'fallback_agent': None, 'contributes_to': ['com.plexapp.agents.lastfm', 'tv.plex.agents.music', 'org.musicbrainz.agents.music'], 'has_attribution': True, 'languages': ['xn'], 'persist_stored_files': True, 'version': 0, 'accepts_from': None, 'prefs': False, 'name': 'LyricFind'}], 'com.plexapp.agents.thetvdb': [{'media_types': ['TV_Show'], 'primary_provider': True, 'fallback_agent': None, 'contributes_to': None, 'has_attribution': True, 'languages': ['en', 'fr', 'zh', 'sv', 'no', 'da', 'fi', 'nl', 'de', 'it', 'es', 'pl', 'hu', 'el', 'tr', 'ru', 'he', 'ja', 'pt', 'cs', 'ko', 'sl', 'hr'], 'persist_stored_files': True, 'version': 0, 'accepts_from': None, 'prefs': True, 'name': 'TheTVDB'}], 'tv.plex.agents.movie': [{'media_types': ['Movie'], 'accepts_from': None, 'fallback_agent': None, 'contributes_to': None, 'has_attribution': True, 'languages': [], 'persist_stored_files': True, 'version': 0, 'primary_provider': True, 'prefs': True, 'name': 'Plex Movie'}], 'tv.plex.agents.series': [{'media_types': ['TV_Show'], 'primary_provider': True, 'fallback_agent': None, 'contributes_to': None, 'has_attribution': True, 'languages': [], 'persist_stored_files': True, 'version': 0, 'accepts_from': None, 'prefs': True, 'name': 'Plex TV Series'}], 'com.plexapp.agents.lastfm': [{'media_types': ['Artist'], 'primary_provider': True, 'fallback_agent': None, 'contributes_to': None, 'has_attribution': True, 'languages': ['en', 'sv', 'fr', 'es', 'de', 'pl', 'it', 'pt', 'ja', 'tr', 'ru', 'zh'], 'persist_stored_files': True, 'version': 0, 'accepts_from': None, 'prefs': True, 'name': 'Last.fm'}, {'media_types': ['Album'], 'primary_provider': True, 'fallback_agent': None, 'contributes_to': None, 'has_attribution': True, 'languages': ['en', 'sv', 'fr', 'es', 'de', 'pl', 'it', 'pt', 'ja', 'tr', 'ru', 'zh'], 'persist_stored_files': True, 'version': 0, 'accepts_from': None, 'prefs': True, 'name': 'Last.fm'}], 'org.musicbrainz.agents.music': [{'media_types': ['Artist'], 'primary_provider': True, 'fallback_agent': None, 'contributes_to': None, 'has_attribution': True, 'languages': ['en', 'ar', 'bg', 'zh', 'hr', 'cs', 'da', 'nl', 'fi', 'fr', 'de', 'el', 'hu', 'id', 'it', 'ja', 'ko', 'nn', 'pl', 'pt', 'ro', 'ru', 'sr', 'sk', 'es', 'sv', 'th', 'tr', 'vi', 'xx'], 'persist_stored_files': True, 'version': 0, 'accepts_from': None, 'prefs': True, 'name': 'Musicbrainz'}, {'media_types': ['Album'], 'primary_provider': True, 'fallback_agent': None, 'contributes_to': None, 'has_attribution': True, 'languages': ['en', 'ar', 'bg', 'zh', 'hr', 'cs', 'da', 'nl', 'fi', 'fr', 'de', 'el', 'hu', 'id', 'it', 'ja', 'ko', 'nn', 'pl', 'pt', 'ro', 'ru', 'sr', 'sk', 'es', 'sv', 'th', 'tr', 'vi', 'xx'], 'persist_stored_files': True, 'version': 0, 'accepts_from': None, 'prefs': True, 'name': 'Musicbrainz'}], 'com.plexapp.agents.themoviedb': [{'media_types': ['Movie'], 'primary_provider': True, 'fallback_agent': None, 'contributes_to': None, 'has_attribution': True, 'languages': ['en', 'cs', 'da', 'de', 'el', 'es', 'fi', 'fr', 'he', 'hr', 'hu', 'it', 'lv', 'lt', 'nl', 'no', 'pl', 'pt', 'ru', 'sk', 'sv', 'th', 'tr', 'vi', 'zh', 'ko'], 'persist_stored_files': True, 'version': 0, 'accepts_from': ['com.plexapp.agents.localmedia'], 'prefs': True, 'name': 'The Movie Database'}, {'media_types': ['TV_Show'], 'primary_provider': True, 'fallback_agent': None, 'contributes_to': ['com.plexapp.agents.thetvdb'], 'has_attribution': True, 'languages': ['en', 'cs', 'da', 'de', 'el', 'es', 'fi', 'fr', 'he', 'hr', 'hu', 'it', 'lv', 'lt', 'nl', 'no', 'pl', 'pt', 'ru', 'sk', 'sv', 'th', 'tr', 'vi', 'zh', 'ko'], 'persist_stored_files': True, 'version': 0, 'accepts_from': ['com.plexapp.agents.localmedia', 'com.plexapp.agents.thetvdb'], 'prefs': True, 'name': 'The Movie Database'}], 'com.plexapp.agents.htbackdrops': [{'media_types': ['Artist'], 'primary_provider': False, 'fallback_agent': None, 'contributes_to': ['com.plexapp.agents.lastfm'], 'has_attribution': True, 'languages': ['ab', 'aa', 'af', 'ak', 'sq', 'am', 'ar', 'an', 'hy', 'as', 'av', 'ae', 'ay', 'az', 'bm', 'ba', 'eu', 'be', 'bn', 'bh', 'bi', 'bs', 'pb', 'br', 'bg', 'my', 'ca', 'ch', 'ce', 'ny', 'zh', 'cu', 'cv', 'kw', 'co', 'cr', 'hr', 'cs', 'da', 'dv', 'nl', 'dz', 'en', 'eo', 'et', 'ee', 'fo', 'fj', 'fi', 'fr', 'fy', 'ff', 'gd', 'gl', 'lg', 'ka', 'de', 'el', 'gn', 'gu', 'ht', 'ha', 'he', 'hz', 'hi', 'ho', 'hu', 'is', 'io', 'ig', 'id', 'ia', 'ie', 'iu', 'ik', 'ga', 'it', 'ja', 'jv', 'kl', 'kn', 'kr', 'ks', 'kk', 'km', 'ki', 'rw', 'ky', 'kv', 'kg', 'ko', 'kj', 'ku', 'lo', 'la', 'lv', 'li', 'ln', 'lt', 'lu', 'lb', 'mk', 'mg', 'ms', 'ml', 'mt', 'gv', 'mi', 'mr', 'mh', 'mo', 'mn', 'na', 'nv', 'ng', 'ne', 'xn', 'nd', 'no', 'nb', 'nn', 'oc', 'oj', 'or', 'om', 'os', 'pi', 'pa', 'fa', 'pl', 'pt', 'ps', 'qu', 'rm', 'ro', 'rn', 'ru', 'se', 'sm', 'sg', 'sa', 'sc', 'sr', 'sn', 'ii', 'sd', 'si', 'sk', 'sl', 'so', 'st', 'nr', 'es', 'su', 'sw', 'ss', 'sv', 'tl', 'ty', 'tg', 'ta', 'tt', 'te', 'th', 'bo', 'ti', 'to', 'ts', 'tn', 'tr', 'tk', 'tw', 'ug', 'uk', 'ur', 'uz', 've', 'vi', 'vo', 'wa', 'cy', 'wo', 'xh', 'yi', 'yo', 'za', 'zu'], 'persist_stored_files': True, 'version': 0, 'accepts_from': None, 'prefs': False, 'name': 'Home Theater Backdrops'}], 'com.plexapp.agents.movieposterdb': [{'media_types': ['Movie'], 'primary_provider': False, 'fallback_agent': None, 'contributes_to': ['com.plexapp.agents.imdb'], 'has_attribution': True, 'languages': ['xn'], 'persist_stored_files': True, 'version': 0, 'accepts_from': None, 'prefs': False, 'name': 'CineMaterial'}], 'com.plexapp.agents.localmedia': [{'media_types': ['Movie'], 'primary_provider': False, 'fallback_agent': None, 'contributes_to': ['com.plexapp.agents.imdb', 'com.plexapp.agents.none'], 'has_attribution': False, 'languages': ['xn'], 'persist_stored_files': False, 'version': 0, 'accepts_from': None, 'prefs': True, 'name': 'Local Media Assets (Movies)'}, {'media_types': ['TV_Show'], 'primary_provider': False, 'fallback_agent': None, 'contributes_to': ['com.plexapp.agents.thetvdb', 'com.plexapp.agents.none'], 'has_attribution': False, 'languages': ['xn'], 'persist_stored_files': False, 'version': 0, 'accepts_from': None, 'prefs': True, 'name': 'Local Media Assets (TV)'}, {'media_types': ['Artist'], 'primary_provider': False, 'fallback_agent': None, 'contributes_to': ['com.plexapp.agents.discogs', 'com.plexapp.agents.lastfm', 'com.plexapp.agents.plexmusic', 'com.plexapp.agents.none', 'tv.plex.agents.music', 'org.musicbrainz.agents.music'], 'has_attribution': False, 'languages': ['xn'], 'persist_stored_files': False, 'version': 0, 'accepts_from': None, 'prefs': True, 'name': 'Local Media Assets (Artists)'}, {'media_types': ['Artist'], 'primary_provider': False, 'fallback_agent': None, 'contributes_to': ['com.plexapp.agents.plexmusic'], 'has_attribution': False, 'languages': ['xn'], 'persist_stored_files': False, 'version': 2, 'accepts_from': None, 'prefs': True, 'name': 'Local Media Assets (Artists)'}, {'media_types': ['Album'], 'primary_provider': False, 'fallback_agent': None, 'contributes_to': ['com.plexapp.agents.discogs', 'com.plexapp.agents.lastfm', 'com.plexapp.agents.plexmusic', 'com.plexapp.agents.none', 'tv.plex.agents.music', 'org.musicbrainz.agents.music'], 'has_attribution': False, 'languages': ['xn'], 'persist_stored_files': False, 'version': 0, 'accepts_from': None, 'prefs': True, 'name': 'Local Media Assets (Albums)'}], 'com.plexapp.agents.plexthememusic': [{'media_types': ['TV_Show'], 'primary_provider': False, 'fallback_agent': None, 'contributes_to': ['com.plexapp.agents.thetvdb', 'com.plexapp.agents.thetvdbdvdorder', 'com.plexapp.agents.themoviedb'], 'has_attribution': False, 'languages': ['xn'], 'persist_stored_files': True, 'version': 0, 'accepts_from': None, 'prefs': False, 'name': 'Plex Theme Music'}]}
2022-10-08 14:57:02,998 (7fbcc3d8cb38) :  DEBUG (runtime:1117) - Created a thread named 'ensure_agent_info_exists_inner'
2022-10-08 14:57:03,002 (7fbcc3ee1b38) :  INFO (datakit:131) - Saved the dictionary file
2022-10-08 14:57:03,632 (7fbcc3ee1b38) :  DEBUG (runtime:717) - Handling request GET /system/messaging/clear_events/com.plexapp.agents.imdb
2022-10-08 14:57:03,648 (7fbcc3ee1b38) :  DEBUG (runtime:814) - Found route matching /system/messaging/clear_events/com.plexapp.agents.imdb
2022-10-08 14:57:03,648 (7fbcc3ee1b38) :  DEBUG (runtime:88) - Sending packed state data (99 bytes)
2022-10-08 14:57:03,648 (7fbcc3ee1b38) :  DEBUG (runtime:924) - Response: [200] str, 0 bytes
2022-10-08 14:57:03,754 (7fbcc3ee1b38) :  DEBUG (runtime:717) - Handling request GET /:/plugins/com.plexapp.system/resourceHashes
2022-10-08 14:57:03,763 (7fbcc3ee1b38) :  DEBUG (runtime:814) - Found route matching /:/plugins/com.plexapp.system/resourceHashes
2022-10-08 14:57:03,763 (7fbcc3ee1b38) :  DEBUG (networking:143) - Requesting 'http://resources-cdn.plexapp.com/hashes.json'
2022-10-08 14:57:04,107 (7fbcc3ee1b38) :  ERROR (networking:196) - Error opening URL 'http://resources-cdn.plexapp.com/hashes.json'
2022-10-08 14:57:04,107 (7fbcc3ee1b38) :  CRITICAL (runtime:1299) - Exception getting hosted resource hashes (most recent call last):
  File "/usr/lib/plexmediaserver/Resources/Plug-ins-819d3678c/Framework.bundle/Contents/Resources/Versions/2/Python/Framework/components/runtime.py", line 1291, in get_resource_hashes
    json = self._core.networking.http_request("http://resources-cdn.plexapp.com/hashes.json", timeout=5).content
  File "/usr/lib/plexmediaserver/Resources/Plug-ins-819d3678c/Framework.bundle/Contents/Resources/Versions/2/Python/Framework/components/networking.py", line 242, in content
    return self.__str__()
  File "/usr/lib/plexmediaserver/Resources/Plug-ins-819d3678c/Framework.bundle/Contents/Resources/Versions/2/Python/Framework/components/networking.py", line 220, in __str__
    self.load()
  File "/usr/lib/plexmediaserver/Resources/Plug-ins-819d3678c/Framework.bundle/Contents/Resources/Versions/2/Python/Framework/components/networking.py", line 158, in load
    f = self._opener.open(req, timeout=self._timeout)
  File "/usr/lib/plexmediaserver/Resources/Python/python27.zip/urllib2.py", line 435, in open
    response = meth(req, response)
  File "/usr/lib/plexmediaserver/Resources/Python/python27.zip/urllib2.py", line 548, in http_response
    'http', request, response, code, msg, hdrs)
  File "/usr/lib/plexmediaserver/Resources/Python/python27.zip/urllib2.py", line 473, in error
    return self._call_chain(*args)
  File "/usr/lib/plexmediaserver/Resources/Python/python27.zip/urllib2.py", line 407, in _call_chain
    result = func(*args)
  File "/usr/lib/plexmediaserver/Resources/Python/python27.zip/urllib2.py", line 556, in http_error_default
    raise HTTPError(req.get_full_url(), code, msg, hdrs, fp)
HTTPError: HTTP Error 403: Forbidden

2022-10-08 14:57:04,108 (7fbcc3ee1b38) :  DEBUG (runtime:88) - Sending packed state data (99 bytes)
2022-10-08 14:57:04,108 (7fbcc3ee1b38) :  DEBUG (runtime:924) - Response: [404] NoneType, 0 bytes
2022-10-08 14:57:04,118 (7fbcc3ee1b38) :  DEBUG (runtime:717) - Handling request GET /:/plugins/com.plexapp.system/messaging/function/X0J1bmRsZVNlcnZpY2U6QWxsU2VydmljZXM_/Y2VyZWFsMQoxCmxpc3QKMApyMAo_/Y2VyZWFsMQoxCmRpY3QKMApyMAo_
2022-10-08 14:57:04,119 (7fbcc3ee1b38) :  DEBUG (runtime:49) - Received packed state data (80 bytes)
2022-10-08 14:57:04,120 (7fbcc3ee1b38) :  DEBUG (runtime:814) - Found route matching /:/plugins/com.plexapp.system/messaging/function/X0J1bmRsZVNlcnZpY2U6QWxsU2VydmljZXM_/Y2VyZWFsMQoxCmxpc3QKMApyMAo_/Y2VyZWFsMQoxCmRpY3QKMApyMAo_
2022-10-08 14:57:04,121 (7fbcc3ee1b38) :  DEBUG (runtime:88) - Sending packed state data (99 bytes)
2022-10-08 14:57:04,121 (7fbcc3ee1b38) :  DEBUG (runtime:924) - Response: [200] str, 516 bytes
2022-10-08 14:57:04,741 (7fbcc3ee1b38) :  DEBUG (runtime:717) - Handling request GET /:/plugins/com.plexapp.system/messaging/function/X0FnZW50U2VydmljZTpVcGRhdGVJbmZv/Y2VyZWFsMQoxCmxpc3QKMApyMAo_/Y2VyZWFsMQo3CmRpY3QKbGlzdApkaWN0Cmxpc3QKbGlzdApsaXN0Cmxpc3QKMgpzMjMKY29tLnBsZXhhcHAuYWdlbnRzLmltZGJzMTAKaWRlbnRpZmllcnIxCnMxMAphZ2VudF9pbmZvMQpyMgoxMApyMwpzMTEKbWVkaWFfdHlwZXNyNApzMTIKYWNjZXB0c19mcm9tbnMxNApmYWxsYmFja19hZ2VudHI1CnMxNApjb250cmlidXRlc190b3I2CnM5Cmxhbmd1YWdlc2IxczIwCnBlcnNpc3Rfc3RvcmVkX2ZpbGVzaTAKczcKdmVyc2lvbmIxczE2CnByaW1hcnlfcHJvdmlkZXJiMXM1CnByZWZzczEwClBsZXggTW92aWVzNApuYW1lMQpzNQpNb3ZpZTEKczI5CmNvbS5wbGV4YXBwLmFnZW50cy5sb2NhbG1lZGlhMQpzMjkKY29tLnBsZXhhcHAuYWdlbnRzLnRoZW1vdmllZGIzMwpzMgplbnMyCnN2czIKZnJzMgplc3MyCm5sczIKZGVzMgppdHMyCmRhczIKYXJzMgpjYXMyCnpoczIKY3NzMgpldHMyCmZpczIKZWxzMgpoZXMyCmhpczIKaHVzMgppZHMyCmphczIKa29zMgpsdnMyCm5vczIKZmFzMgpwbHMyCnB0czIKcm9zMgpydXMyCnNrczIKdGhzMgp0cnMyCnVrczIKdmlyMAo_
2022-10-08 14:57:04,742 (7fbcc3ee1b38) :  DEBUG (runtime:49) - Received packed state data (80 bytes)
2022-10-08 14:57:04,743 (7fbcc3ee1b38) :  DEBUG (runtime:814) - Found route matching /:/plugins/com.plexapp.system/messaging/function/X0FnZW50U2VydmljZTpVcGRhdGVJbmZv/Y2VyZWFsMQoxCmxpc3QKMApyMAo_/Y2VyZWFsMQo3CmRpY3QKbGlzdApkaWN0Cmxpc3QKbGlzdApsaXN0Cmxpc3QKMgpzMjMKY29tLnBsZXhhcHAuYWdlbnRzLmltZGJzMTAKaWRlbnRpZmllcnIxCnMxMAphZ2VudF9pbmZvMQpyMgoxMApyMwpzMTEKbWVkaWFfdHlwZXNyNApzMTIKYWNjZXB0c19mcm9tbnMxNApmYWxsYmFja19hZ2VudHI1CnMxNApjb250cmlidXRlc190b3I2CnM5Cmxhbmd1YWdlc2IxczIwCnBlcnNpc3Rfc3RvcmVkX2ZpbGVzaTAKczcKdmVyc2lvbmIxczE2CnByaW1hcnlfcHJvdmlkZXJiMXM1CnByZWZzczEwClBsZXggTW92aWVzNApuYW1lMQpzNQpNb3ZpZTEKczI5CmNvbS5wbGV4YXBwLmFnZW50cy5sb2NhbG1lZGlhMQpzMjkKY29tLnBsZXhhcHAuYWdlbnRzLnRoZW1vdmllZGIzMwpzMgplbnMyCnN2czIKZnJzMgplc3MyCm5sczIKZGVzMgppdHMyCmRhczIKYXJzMgpjYXMyCnpoczIKY3NzMgpldHMyCmZpczIKZWxzMgpoZXMyCmhpczIKaHVzMgppZHMyCmphczIKa29zMgpsdnMyCm5vczIKZmFzMgpwbHMyCnB0czIKcm9zMgpydXMyCnNrczIKdGhzMgp0cnMyCnVrczIKdmlyMAo_
2022-10-08 14:57:04,743 (7fbcc3ee1b38) :  INFO (agentservice:175) - Receiving agent info from com.plexapp.agents.imdb: [{'media_types': ['Movie'], 'primary_provider': True, 'fallback_agent': None, 'contributes_to': ['com.plexapp.agents.themoviedb'], 'languages': ['en', 'sv', 'fr', 'es', 'nl', 'de', 'it', 'da', 'ar', 'ca', 'zh', 'cs', 'et', 'fi', 'el', 'he', 'hi', 'hu', 'id', 'ja', 'ko', 'lv', 'no', 'fa', 'pl', 'pt', 'ro', 'ru', 'sk', 'th', 'tr', 'uk', 'vi'], 'persist_stored_files': True, 'version': 0, 'accepts_from': ['com.plexapp.agents.localmedia'], 'prefs': True, 'name': 'Plex Movie'}]
2022-10-08 14:57:04,744 (7fbcc3ee1b38) :  DEBUG (runtime:88) - Sending packed state data (99 bytes)
2022-10-08 14:57:04,744 (7fbcc3ee1b38) :  DEBUG (runtime:924) - Response: [200] str, 16 bytes
2022-10-08 14:57:07,945 (7fbcc3ee1b38) :  DEBUG (runtime:717) - Handling request GET /system/notify/serverUpdated?host=127.0.0.1
2022-10-08 14:57:07,945 (7fbcc3ee1b38) :  DEBUG (runtime:814) - Found route matching /system/notify/serverUpdated
2022-10-08 14:57:07,946 (7fbcc3ee1b38) :  DEBUG (peerservice:386) - Handling server update notification (127.0.0.1)
2022-10-08 14:57:07,946 (7fbcc3ee1b38) :  DEBUG (peerservice:189) - Updating servers (True/False True/True/True)
2022-10-08 14:57:07,946 (7fbcc3ee1b38) :  DEBUG (peerservice:164) - Fetching the current list of servers
2022-10-08 14:57:07,946 (7fbcc3ee1b38) :  DEBUG (networking:143) - Requesting 'http://127.0.0.1:32400/servers'
2022-10-08 14:57:07,949 (7fbcc3ee1b38) :  DEBUG (peerservice:198) - Found 1 servers
2022-10-08 14:57:07,949 (7fbcc3ee1b38) :  DEBUG (peerservice:214) - Ignoring 3009cb45a0c80e74ee90000b6226514228f9c608 because host != 127.0.0.1 (172.19.0.5)
2022-10-08 14:57:07,950 (7fbcc3ee1b38) :  DEBUG (runtime:924) - Response: [200] str, 0 bytes
2022-10-08 14:57:07,981 (7fbcc4505b38) :  INFO (datakit:131) - Saved the dictionary file
2022-10-08 14:57:24,383 (7fbcc4505b38) :  DEBUG (runtime:717) - Handling request GET /system/:/prefs
2022-10-08 14:57:24,385 (7fbcc4505b38) :  DEBUG (runtime:814) - Found route matching /system/:/prefs
2022-10-08 14:57:24,386 (7fbcc4505b38) :  DEBUG (preferences:258) - Loaded preferences from DefaultPrefs.json
2022-10-08 14:57:24,386 (7fbcc4505b38) :  DEBUG (preferences:178) - Loaded the user preferences for com.plexapp.system
2022-10-08 14:57:24,387 (7fbcc4505b38) :  DEBUG (runtime:88) - Sending packed state data (99 bytes)
2022-10-08 14:57:24,387 (7fbcc4505b38) :  DEBUG (runtime:924) - Response: [200] MediaContainer, 418 bytes
2022-10-08 14:59:02,927 (7fbcc44a0b38) :  DEBUG (runtime:1156) - Starting timed thread named 'refresh_servers'
2022-10-08 14:59:02,928 (7fbcc44a0b38) :  DEBUG (peerservice:164) - Fetching the current list of servers
2022-10-08 14:59:02,928 (7fbcc44a0b38) :  DEBUG (networking:143) - Requesting 'http://127.0.0.1:32400/servers'
2022-10-08 14:59:02,929 (7fbcc44a0b38) :  DEBUG (peerservice:171) - Refreshing local server
2022-10-08 14:59:02,929 (7fbcc44a0b38) :  DEBUG (peerservice:189) - Updating servers (True/False True/True/True)
2022-10-08 14:59:02,929 (7fbcc44a0b38) :  DEBUG (peerservice:198) - Found 1 servers
2022-10-08 14:59:02,930 (7fbcc44a0b38) :  DEBUG (networking:143) - Requesting 'http://127.0.0.1:32400'
2022-10-08 14:59:02,932 (7fbcc44a0b38) :  DEBUG (core:521) - Attribute 'machineIdentifier' set to '3009cb45a0c80e74ee90000b6226514228f9c608'
2022-10-08 14:59:02,932 (7fbcc44a0b38) :  DEBUG (peerservice:230) - Creating new server aedb9c2c155e (3009cb45a0c80e74ee90000b6226514228f9c608)
2022-10-08 14:59:02,932 (7fbcc44a0b38) :  DEBUG (networking:143) - Requesting 'http://127.0.0.1:32400/library/sections'
2022-10-08 14:59:02,934 (7fbcc44a0b38) :  DEBUG (networking:143) - Requesting 'http://127.0.0.1:32400/channels/all'
2022-10-08 14:59:02,935 (7fbcc44feb38) :  DEBUG (peerservice:176) - Background-refreshing remote servers
2022-10-08 14:59:02,936 (7fbcc44a0b38) :  DEBUG (runtime:1117) - Created a thread named 'background_refresh'
2022-10-08 14:59:02,936 (7fbcc44feb38) :  DEBUG (peerservice:189) - Updating servers (True/False True/True/True)
2022-10-08 14:59:02,936 (7fbcc44feb38) :  DEBUG (peerservice:198) - Found 1 servers
2022-10-08 14:59:02,936 (7fbcc44feb38) :  DEBUG (peerservice:233) - Updating existing server aedb9c2c155e (3009cb45a0c80e74ee90000b6226514228f9c608)
2022-10-08 14:59:02,936 (7fbcc44feb38) :  DEBUG (networking:143) - Requesting 'http://127.0.0.1:32400/library/sections'
2022-10-08 14:59:02,939 (7fbcc44feb38) :  DEBUG (networking:143) - Requesting 'http://127.0.0.1:32400/channels/all'
2022-10-08 15:01:45,353 (7fbcc44feb38) :  DEBUG (runtime:717) - Handling request GET /system/agents?mediaType=1
2022-10-08 15:01:45,354 (7fbcc44feb38) :  DEBUG (runtime:814) - Found route matching /system/agents
2022-10-08 15:01:45,355 (7fbcc44dbb38) :  DEBUG (runtime:717) - Handling request GET /system/scanners/1
2022-10-08 15:01:45,356 (7fbcc44dbb38) :  DEBUG (runtime:814) - Found route matching /system/scanners/1
2022-10-08 15:01:45,358 (7fbcc44dbb38) :  DEBUG (runtime:88) - Sending packed state data (99 bytes)
2022-10-08 15:01:45,358 (7fbcc44dbb38) :  DEBUG (runtime:924) - Response: [200] MediaContainer, 299 bytes
2022-10-08 15:01:45,360 (7fbcc44feb38) :  DEBUG (runtime:1117) - Created a thread named 'ensure_agent_info_exists_inner'
2022-10-08 15:01:45,364 (7fbcc44feb38) :  DEBUG (runtime:88) - Sending packed state data (99 bytes)
2022-10-08 15:01:45,364 (7fbcc44feb38) :  DEBUG (runtime:924) - Response: [200] MediaContainer, 2068 bytes
2022-10-08 15:01:47,306 (7fbcc44feb38) :  DEBUG (runtime:717) - Handling request GET /system/messaging/clear_events/tv.plex.agents.movie
2022-10-08 15:01:47,307 (7fbcc44feb38) :  DEBUG (runtime:814) - Found route matching /system/messaging/clear_events/tv.plex.agents.movie
2022-10-08 15:01:47,308 (7fbcc44feb38) :  DEBUG (runtime:88) - Sending packed state data (99 bytes)
2022-10-08 15:01:47,308 (7fbcc44feb38) :  DEBUG (runtime:924) - Response: [200] str, 0 bytes
2022-10-08 15:01:47,442 (7fbcc44feb38) :  DEBUG (runtime:717) - Handling request GET /:/plugins/com.plexapp.system/resourceHashes
2022-10-08 15:01:47,443 (7fbcc44feb38) :  DEBUG (runtime:814) - Found route matching /:/plugins/com.plexapp.system/resourceHashes
2022-10-08 15:01:47,444 (7fbcc44feb38) :  DEBUG (runtime:88) - Sending packed state data (99 bytes)
2022-10-08 15:01:47,444 (7fbcc44feb38) :  DEBUG (runtime:924) - Response: [404] NoneType, 0 bytes
2022-10-08 15:01:47,461 (7fbcc44feb38) :  DEBUG (runtime:717) - Handling request GET /:/plugins/com.plexapp.system/messaging/function/X0J1bmRsZVNlcnZpY2U6QWxsU2VydmljZXM_/Y2VyZWFsMQoxCmxpc3QKMApyMAo_/Y2VyZWFsMQoxCmRpY3QKMApyMAo_
2022-10-08 15:01:47,462 (7fbcc44feb38) :  DEBUG (runtime:49) - Received packed state data (80 bytes)
2022-10-08 15:01:47,463 (7fbcc44feb38) :  DEBUG (runtime:814) - Found route matching /:/plugins/com.plexapp.system/messaging/function/X0J1bmRsZVNlcnZpY2U6QWxsU2VydmljZXM_/Y2VyZWFsMQoxCmxpc3QKMApyMAo_/Y2VyZWFsMQoxCmRpY3QKMApyMAo_
2022-10-08 15:01:47,464 (7fbcc44feb38) :  DEBUG (runtime:88) - Sending packed state data (99 bytes)
2022-10-08 15:01:47,464 (7fbcc44feb38) :  DEBUG (runtime:924) - Response: [200] str, 516 bytes
2022-10-08 15:01:47,470 (7fbcc44feb38) :  DEBUG (runtime:717) - Handling request GET /:/plugins/com.plexapp.system/messaging/function/X0FnZW50U2VydmljZTpVcGRhdGVJbmZv/Y2VyZWFsMQoxCmxpc3QKMApyMAo_/Y2VyZWFsMQo1CmRpY3QKbGlzdApkaWN0Cmxpc3QKbGlzdAoyCnMyMAp0di5wbGV4LmFnZW50cy5tb3ZpZXMxMAppZGVudGlmaWVycjEKczEwCmFnZW50X2luZm8xCnIyCjEwCnIzCnMxMQptZWRpYV90eXBlc25zMTIKYWNjZXB0c19mcm9tbnMxNApmYWxsYmFja19hZ2VudG5zMTQKY29udHJpYnV0ZXNfdG9yNApzOQpsYW5ndWFnZXNiMXMyMApwZXJzaXN0X3N0b3JlZF9maWxlc2kwCnM3CnZlcnNpb25iMXMxNgpwcmltYXJ5X3Byb3ZpZGVyYjFzNQpwcmVmc3MxMApQbGV4IE1vdmllczQKbmFtZTEKczUKTW92aWUwCnIwCg__
2022-10-08 15:01:47,470 (7fbcc44feb38) :  DEBUG (runtime:49) - Received packed state data (80 bytes)
2022-10-08 15:01:47,471 (7fbcc44feb38) :  DEBUG (runtime:814) - Found route matching /:/plugins/com.plexapp.system/messaging/function/X0FnZW50U2VydmljZTpVcGRhdGVJbmZv/Y2VyZWFsMQoxCmxpc3QKMApyMAo_/Y2VyZWFsMQo1CmRpY3QKbGlzdApkaWN0Cmxpc3QKbGlzdAoyCnMyMAp0di5wbGV4LmFnZW50cy5tb3ZpZXMxMAppZGVudGlmaWVycjEKczEwCmFnZW50X2luZm8xCnIyCjEwCnIzCnMxMQptZWRpYV90eXBlc25zMTIKYWNjZXB0c19mcm9tbnMxNApmYWxsYmFja19hZ2VudG5zMTQKY29udHJpYnV0ZXNfdG9yNApzOQpsYW5ndWFnZXNiMXMyMApwZXJzaXN0X3N0b3JlZF9maWxlc2kwCnM3CnZlcnNpb25iMXMxNgpwcmltYXJ5X3Byb3ZpZGVyYjFzNQpwcmVmc3MxMApQbGV4IE1vdmllczQKbmFtZTEKczUKTW92aWUwCnIwCg__
2022-10-08 15:01:47,472 (7fbcc44feb38) :  INFO (agentservice:175) - Receiving agent info from tv.plex.agents.movie: [{'media_types': ['Movie'], 'primary_provider': True, 'fallback_agent': None, 'contributes_to': None, 'languages': [], 'persist_stored_files': True, 'version': 0, 'accepts_from': None, 'prefs': True, 'name': 'Plex Movie'}]
2022-10-08 15:01:47,472 (7fbcc44feb38) :  DEBUG (runtime:88) - Sending packed state data (99 bytes)
2022-10-08 15:01:47,473 (7fbcc44feb38) :  DEBUG (runtime:924) - Response: [200] str, 16 bytes
2022-10-08 15:01:50,371 (7fbcc44dbb38) :  INFO (datakit:131) - Saved the dictionary file
2022-10-08 15:02:22,950 (7fbcc44feb38) :  DEBUG (runtime:717) - Handling request GET /system/:/prefs
2022-10-08 15:02:22,951 (7fbcc44feb38) :  DEBUG (runtime:49) - Received packed state data (80 bytes)
2022-10-08 15:02:22,952 (7fbcc44feb38) :  DEBUG (runtime:814) - Found route matching /system/:/prefs
2022-10-08 15:02:22,954 (7fbcc44feb38) :  DEBUG (runtime:88) - Sending packed state data (99 bytes)
2022-10-08 15:02:22,954 (7fbcc44feb38) :  DEBUG (runtime:924) - Response: [200] MediaContainer, 418 bytes
2022-10-08 15:02:23,082 (7fbcc44feb38) :  DEBUG (runtime:717) - Handling request GET /system/agents/contributors?mediaType=1&primaryAgent=com.plexapp.agents.none
2022-10-08 15:02:23,084 (7fbcc44feb38) :  DEBUG (runtime:49) - Received packed state data (80 bytes)
2022-10-08 15:02:23,085 (7fbcc44feb38) :  DEBUG (runtime:814) - Found route matching /system/agents/contributors
2022-10-08 15:02:23,088 (7fbcc44feb38) :  DEBUG (runtime:88) - Sending packed state data (99 bytes)
2022-10-08 15:02:23,088 (7fbcc44feb38) :  DEBUG (runtime:924) - Response: [200] MediaContainer, 249 bytes
2022-10-08 15:02:23,089 (7fbcc44feb38) :  DEBUG (runtime:717) - Handling request GET /system/agents/com.plexapp.agents.none/config/1
2022-10-08 15:02:23,090 (7fbcc44feb38) :  DEBUG (runtime:49) - Received packed state data (80 bytes)
2022-10-08 15:02:23,090 (7fbcc44feb38) :  DEBUG (runtime:814) - Found route matching /system/agents/com.plexapp.agents.none/config/1
2022-10-08 15:02:23,093 (7fbcc44dbb38) :  DEBUG (runtime:49) - Received packed state data (80 bytes)
2022-10-08 15:02:23,093 (7fbcc44feb38) :  DEBUG (runtime:1117) - Created a thread named 'ensure_agent_info_exists_inner'
2022-10-08 15:02:23,094 (7fbcc44feb38) :  DEBUG (accessor:68) - Creating a new read-only model access point for provider com.plexapp.agents.none in namespace 'metadata'
2022-10-08 15:02:23,100 (7fbcc44feb38) :  DEBUG (runtime:88) - Sending packed state data (99 bytes)
2022-10-08 15:02:23,100 (7fbcc44feb38) :  DEBUG (runtime:924) - Response: [200] MediaContainer, 871 bytes
2022-10-08 15:02:23,112 (7fbcc44feb38) :  DEBUG (runtime:717) - Handling request GET /system/agents/attribution?identifier=com.plexapp.agents.localmedia
2022-10-08 15:02:23,113 (7fbcc44feb38) :  DEBUG (runtime:49) - Received packed state data (80 bytes)
2022-10-08 15:02:23,113 (7fbcc44feb38) :  DEBUG (runtime:814) - Found route matching /system/agents/attribution
2022-10-08 15:02:23,114 (7fbcc44feb38) :  DEBUG (runtime:88) - Sending packed state data (99 bytes)
2022-10-08 15:02:23,114 (7fbcc44feb38) :  DEBUG (runtime:924) - Response: [404] NoneType, 0 bytes
2022-10-08 15:02:23,119 (7fbcc44feb38) :  DEBUG (runtime:717) - Handling request GET /system/agents/attribution?identifier=com.plexapp.agents.none
2022-10-08 15:02:23,120 (7fbcc44feb38) :  DEBUG (runtime:49) - Received packed state data (80 bytes)
2022-10-08 15:02:23,121 (7fbcc3ee1b38) :  DEBUG (runtime:717) - Handling request GET /system/agents/attribution?identifier=com.plexapp.agents.localmedia
2022-10-08 15:02:23,121 (7fbcc44feb38) :  DEBUG (runtime:814) - Found route matching /system/agents/attribution
2022-10-08 15:02:23,122 (7fbcc3ee1b38) :  DEBUG (runtime:49) - Received packed state data (80 bytes)
2022-10-08 15:02:23,123 (7fbcc3ee1b38) :  DEBUG (runtime:814) - Found route matching /system/agents/attribution
2022-10-08 15:02:23,123 (7fbcc44feb38) :  DEBUG (runtime:88) - Sending packed state data (99 bytes)
2022-10-08 15:02:23,123 (7fbcc44feb38) :  DEBUG (runtime:924) - Response: [404] NoneType, 0 bytes
2022-10-08 15:02:23,124 (7fbcc3ee1b38) :  DEBUG (runtime:88) - Sending packed state data (99 bytes)
2022-10-08 15:02:23,125 (7fbcc3ee1b38) :  DEBUG (runtime:924) - Response: [404] NoneType, 0 bytes
2022-10-08 15:02:25,009 (7fbcc44feb38) :  DEBUG (runtime:717) - Handling request GET /system/:/prefs
2022-10-08 15:02:25,010 (7fbcc44feb38) :  DEBUG (runtime:49) - Received packed state data (80 bytes)
2022-10-08 15:02:25,011 (7fbcc44feb38) :  DEBUG (runtime:814) - Found route matching /system/:/prefs
2022-10-08 15:02:25,013 (7fbcc44feb38) :  DEBUG (runtime:88) - Sending packed state data (99 bytes)
2022-10-08 15:02:25,013 (7fbcc44feb38) :  DEBUG (runtime:924) - Response: [200] MediaContainer, 418 bytes
2022-10-08 15:02:28,100 (7fbcc44dbb38) :  INFO (datakit:131) - Saved the dictionary file
2022-10-08 15:07:07,622 (7fbcc44feb38) :  DEBUG (runtime:717) - Handling request GET /system/:/prefs
2022-10-08 15:07:07,623 (7fbcc44feb38) :  DEBUG (runtime:49) - Received packed state data (80 bytes)
2022-10-08 15:07:07,623 (7fbcc44feb38) :  DEBUG (runtime:814) - Found route matching /system/:/prefs
2022-10-08 15:07:07,624 (7fbcc44feb38) :  DEBUG (runtime:88) - Sending packed state data (99 bytes)
2022-10-08 15:07:07,625 (7fbcc44feb38) :  DEBUG (runtime:924) - Response: [200] MediaContainer, 418 bytes
2022-10-08 15:07:13,465 (7fbcc44feb38) :  DEBUG (runtime:717) - Handling request GET /system/:/prefs
2022-10-08 15:07:13,466 (7fbcc44feb38) :  DEBUG (runtime:49) - Received packed state data (80 bytes)
2022-10-08 15:07:13,467 (7fbcc44feb38) :  DEBUG (runtime:814) - Found route matching /system/:/prefs
2022-10-08 15:07:13,469 (7fbcc44feb38) :  DEBUG (runtime:88) - Sending packed state data (99 bytes)
2022-10-08 15:07:13,470 (7fbcc44feb38) :  DEBUG (runtime:924) - Response: [200] MediaContainer, 418 bytes
2022-10-08 15:08:51,763 (7fbcc44feb38) :  DEBUG (runtime:717) - Handling request GET /system/scanners/1
2022-10-08 15:08:51,764 (7fbcc44feb38) :  DEBUG (runtime:49) - Received packed state data (80 bytes)
2022-10-08 15:08:51,765 (7fbcc44feb38) :  DEBUG (runtime:814) - Found route matching /system/scanners/1
2022-10-08 15:08:51,767 (7fbcc44feb38) :  DEBUG (runtime:88) - Sending packed state data (99 bytes)
2022-10-08 15:08:51,767 (7fbcc44feb38) :  DEBUG (runtime:924) - Response: [200] MediaContainer, 299 bytes
